# JRE version: OpenJDK Runtime Environment Temurin-21.0.11+10 (21.0.11+10) (build 21.0.11+10-LTS)
# Java VM: OpenJDK 64-Bit Server VM Temurin-21.0.11+10 (21.0.11+10-LTS, mixed mode, sharing, tiered, compressed oops, compressed class ptrs, g1 gc, windows-amd64)
GC Precious Log:
 CardTable entry size: 512
 Card Set container configuration: InlinePtr #cards 5 size 8 Array Of Cards #cards 12 size 40 Howl #buckets 4 coarsen threshold 1843 Howl Bitmap #cards 512 size 80 coarsen threshold 460 Card regions per heap region 1 cards per card region 2048
 CPUs: 24 total, 24 available
 Memory: 16270M
 Large Page Support: Disabled
 NUMA Support: Disabled
 Compressed Oops: Enabled (32-bit)
 Heap Region Size: 1M
 Heap Min Capacity: 8M
 Heap Initial Capacity: 256M
 Heap Max Capacity: 2G
 Pre-touch: Disabled
 Parallel Workers: 18
 Concurrent Workers: 5
 Concurrent Refinement Workers: 18
 Periodic GC: Disabled
Heap:
 garbage-first heap   total 107520K, used 73620K [0x0000000080000000, 0x0000000100000000)
  region size 1024K, 44 young (45056K), 7 survivors (7168K)
 Metaspace       used 41997K, committed 43840K, reserved 491520K
  class space    used 6192K, committed 7104K, reserved 425984K
GC Heap History (14 events):
Event: 0.407 GC heap before
{Heap before GC invocations=0 (full 0):
 garbage-first heap   total 262144K, used 22528K [0x0000000080000000, 0x0000000100000000)
  region size 1024K, 23 young (23552K), 0 survivors (0K)
 Metaspace       used 891K, committed 1024K, reserved 491520K
  class space    used 70K, committed 128K, reserved 425984K
}
Event: 0.411 GC heap after
{Heap after GC invocations=1 (full 0):
 garbage-first heap   total 262144K, used 1792K [0x0000000080000000, 0x0000000100000000)
  region size 1024K, 2 young (2048K), 2 survivors (2048K)
 Metaspace       used 891K, committed 1024K, reserved 491520K
  class space    used 70K, committed 128K, reserved 425984K
}
Event: 1.254 GC heap before
{Heap before GC invocations=1 (full 0):
 garbage-first heap   total 262144K, used 41728K [0x0000000080000000, 0x0000000100000000)
  region size 1024K, 38 young (38912K), 2 survivors (2048K)
 Metaspace       used 4618K, committed 4864K, reserved 491520K
  class space    used 582K, committed 704K, reserved 425984K
}
Event: 1.263 GC heap after
{Heap after GC invocations=2 (full 0):
 garbage-first heap   total 262144K, used 11540K [0x0000000080000000, 0x0000000100000000)
  region size 1024K, 5 young (5120K), 5 survivors (5120K)
 Metaspace       used 4618K, committed 4864K, reserved 491520K
  class space    used 582K, committed 704K, reserved 425984K
}
Event: 4.841 GC heap before
{Heap before GC invocations=2 (full 0):
 garbage-first heap   total 262144K, used 153876K [0x0000000080000000, 0x0000000100000000)
  region size 1024K, 142 young (145408K), 5 survivors (5120K)
 Metaspace       used 20871K, committed 21504K, reserved 491520K
  class space    used 2875K, committed 3200K, reserved 425984K
}
Event: 4.856 GC heap after
{Heap after GC invocations=3 (full 0):
 garbage-first heap   total 262144K, used 24410K [0x0000000080000000, 0x0000000100000000)
  region size 1024K, 17 young (17408K), 17 survivors (17408K)
 Metaspace       used 20871K, committed 21504K, reserved 491520K
  class space    used 2875K, committed 3200K, reserved 425984K
}
Event: 6.637 GC heap before
{Heap before GC invocations=4 (full 0):
 garbage-first heap   total 86016K, used 84826K [0x0000000080000000, 0x0000000100000000)
  region size 1024K, 76 young (77824K), 17 survivors (17408K)
 Metaspace       used 28408K, committed 29504K, reserved 491520K
  class space    used 4080K, committed 4608K, reserved 425984K
}
Event: 6.651 GC heap after
{Heap after GC invocations=5 (full 0):
 garbage-first heap   total 107520K, used 28004K [0x0000000080000000, 0x0000000100000000)
  region size 1024K, 4 young (4096K), 4 survivors (4096K)
 Metaspace       used 28408K, committed 29504K, reserved 491520K
  class space    used 4080K, committed 4608K, reserved 425984K
}
Event: 8.279 GC heap before
{Heap before GC invocations=5 (full 0):
 garbage-first heap   total 107520K, used 75108K [0x0000000080000000, 0x0000000100000000)
  region size 1024K, 52 young (53248K), 4 survivors (4096K)
 Metaspace       used 34651K, committed 35968K, reserved 491520K
  class space    used 4984K, committed 5632K, reserved 425984K
}
Event: 8.284 GC heap after
{Heap after GC invocations=6 (full 0):
 garbage-first heap   total 107520K, used 31885K [0x0000000080000000, 0x0000000100000000)
  region size 1024K, 7 young (7168K), 7 survivors (7168K)
 Metaspace       used 34651K, committed 35968K, reserved 491520K
  class space    used 4984K, committed 5632K, reserved 425984K
}
Event: 8.327 GC heap before
{Heap before GC invocations=6 (full 0):
 garbage-first heap   total 107520K, used 31885K [0x0000000080000000, 0x0000000100000000)
  region size 1024K, 8 young (8192K), 7 survivors (7168K)
 Metaspace       used 34938K, committed 36288K, reserved 491520K
  class space    used 4998K, committed 5632K, reserved 425984K
}
Event: 8.334 GC heap after
{Heap after GC invocations=7 (full 0):
 garbage-first heap   total 107520K, used 32212K [0x0000000080000000, 0x0000000100000000)
  region size 1024K, 4 young (4096K), 4 survivors (4096K)
 Metaspace       used 34938K, committed 36288K, reserved 491520K
  class space    used 4998K, committed 5632K, reserved 425984K
}
Event: 10.678 GC heap before
{Heap before GC invocations=8 (full 0):
 garbage-first heap   total 107520K, used 85460K [0x0000000080000000, 0x0000000100000000)
  region size 1024K, 56 young (57344K), 4 survivors (4096K)
 Metaspace       used 40973K, committed 42624K, reserved 491520K
  class space    used 6010K, committed 6784K, reserved 425984K
}
Event: 10.682 GC heap after
{Heap after GC invocations=9 (full 0):
 garbage-first heap   total 107520K, used 36756K [0x0000000080000000, 0x0000000100000000)
  region size 1024K, 7 young (7168K), 7 survivors (7168K)
 Metaspace       used 40973K, committed 42624K, reserved 491520K
  class space    used 6010K, committed 6784K, reserved 425984K
}

